2025-08-17T06:23:31.699Z  INFO 1 --- [inforsion-server] [main] c.i.i.InforsionServerApplication         : Starting InforsionServerApplication v0.0.1-SNAPSHOT using Java 17.0.2 with PID 1 (/app/app.jar started by root in /app)
2025-08-17T06:23:31.700Z  INFO 1 --- [inforsion-server] [main] c.i.i.InforsionServerApplication         : The following 1 profile is active: "docker"
2025-08-17T06:23:32.159Z  INFO 1 --- [inforsion-server] [main] .s.d.r.c.RepositoryConfigurationDelegate : Bootstrapping Spring Data JPA repositories in DEFAULT mode.
2025-08-17T06:23:32.193Z  INFO 1 --- [inforsion-server] [main] .s.d.r.c.RepositoryConfigurationDelegate : Finished Spring Data repository scanning in 29 ms. Found 6 JPA repository interfaces.
2025-08-17T06:23:32.468Z  INFO 1 --- [inforsion-server] [main] o.s.b.w.embedded.tomcat.TomcatWebServer  : Tomcat initialized with port 8080 (http)
2025-08-17T06:23:32.474Z  INFO 1 --- [inforsion-server] [main] o.apache.catalina.core.StandardService   : Starting service [Tomcat]
2025-08-17T06:23:32.475Z  INFO 1 --- [inforsion-server] [main] o.apache.catalina.core.StandardEngine    : Starting Servlet engine: [Apache Tomcat/10.1.43]
2025-08-17T06:23:32.486Z  INFO 1 --- [inforsion-server] [main] o.a.c.c.C.[Tomcat].[localhost].[/]       : Initializing Spring embedded WebApplicationContext
2025-08-17T06:23:32.486Z  INFO 1 --- [inforsion-server] [main] w.s.c.ServletWebServerApplicationContext : Root WebApplicationContext: initialization completed in 764 ms
2025-08-17T06:23:32.582Z  INFO 1 --- [inforsion-server] [main] o.hibernate.jpa.internal.util.LogHelper  : HHH000204: Processing PersistenceUnitInfo [name: default]
2025-08-17T06:23:32.607Z  INFO 1 --- [inforsion-server] [main] org.hibernate.Version                    : HHH000412: Hibernate ORM core version 6.6.22.Final
2025-08-17T06:23:32.620Z  INFO 1 --- [inforsion-server] [main] o.h.c.internal.RegionFactoryInitiator    : HHH000026: Second-level cache disabled
2025-08-17T06:23:32.742Z  INFO 1 --- [inforsion-server] [main] o.s.o.j.p.SpringPersistenceUnitInfo      : No LoadTimeWeaver setup: ignoring JPA class transformer
2025-08-17T06:23:32.753Z  INFO 1 --- [inforsion-server] [main] com.zaxxer.hikari.HikariDataSource       : HikariPool-1 - Starting...
2025-08-17T06:23:32.852Z  INFO 1 --- [inforsion-server] [main] com.zaxxer.hikari.pool.HikariPool        : HikariPool-1 - Added connection com.mysql.cj.jdbc.ConnectionImpl@407f2029
2025-08-17T06:23:32.853Z  INFO 1 --- [inforsion-server] [main] com.zaxxer.hikari.HikariDataSource       : HikariPool-1 - Start completed.
2025-08-17T06:23:32.877Z  WARN 1 --- [inforsion-server] [main] org.hibernate.orm.deprecation            : HHH90000025: MySQLDialect does not need to be specified explicitly using 'hibernate.dialect' (remove the property setting and it will be selected by default)
2025-08-17T06:23:32.889Z  INFO 1 --- [inforsion-server] [main] org.hibernate.orm.connections.pooling    : HHH10001005: Database info:
	Database JDBC URL [Connecting through datasource 'HikariDataSource (HikariPool-1)']
	Database driver: undefined/unknown
	Database version: 8.0.43
	Autocommit mode: undefined/unknown
	Isolation level: undefined/unknown
	Minimum pool size: undefined/unknown
	Maximum pool size: undefined/unknown
2025-08-17T06:23:32.893Z DEBUG 1 --- [inforsion-server] [main] o.h.t.d.sql.spi.DdlTypeRegistry          : addDescriptor(12, org.hibernate.type.descriptor.sql.internal.CapacityDependentDdlType@14b26e90) replaced previous registration(org.hibernate.type.descriptor.sql.internal.CapacityDependentDdlType@11309dd4)
2025-08-17T06:23:32.893Z DEBUG 1 --- [inforsion-server] [main] o.h.t.d.sql.spi.DdlTypeRegistry          : addDescriptor(-9, org.hibernate.type.descriptor.sql.internal.CapacityDependentDdlType@4f4d05b3) replaced previous registration(org.hibernate.type.descriptor.sql.internal.CapacityDependentDdlType@2bd4780c)
2025-08-17T06:23:32.894Z DEBUG 1 --- [inforsion-server] [main] o.h.t.d.sql.spi.DdlTypeRegistry          : addDescriptor(-3, org.hibernate.type.descriptor.sql.internal.CapacityDependentDdlType@2c154508) replaced previous registration(org.hibernate.type.descriptor.sql.internal.CapacityDependentDdlType@395eb363)
2025-08-17T06:23:32.895Z DEBUG 1 --- [inforsion-server] [main] o.h.t.d.sql.spi.DdlTypeRegistry          : addDescriptor(4003, org.hibernate.type.descriptor.sql.internal.DdlTypeImpl@1e194966) replaced previous registration(org.hibernate.type.descriptor.sql.internal.DdlTypeImpl@160546b1)
2025-08-17T06:23:32.895Z DEBUG 1 --- [inforsion-server] [main] o.h.t.d.sql.spi.DdlTypeRegistry          : addDescriptor(4001, org.hibernate.type.descriptor.sql.internal.DdlTypeImpl@103e7c7c) replaced previous registration(org.hibernate.type.descriptor.sql.internal.DdlTypeImpl@5c3710b3)
2025-08-17T06:23:32.896Z DEBUG 1 --- [inforsion-server] [main] o.h.t.d.sql.spi.DdlTypeRegistry          : addDescriptor(4002, org.hibernate.type.descriptor.sql.internal.DdlTypeImpl@8b1202a) replaced previous registration(org.hibernate.type.descriptor.sql.internal.DdlTypeImpl@34bddf43)
2025-08-17T06:23:32.896Z DEBUG 1 --- [inforsion-server] [main] o.h.t.d.sql.spi.DdlTypeRegistry          : addDescriptor(2004, org.hibernate.type.descriptor.sql.internal.CapacityDependentDdlType@57839834) replaced previous registration(org.hibernate.type.descriptor.sql.internal.DdlTypeImpl@3355b8ff)
2025-08-17T06:23:32.896Z DEBUG 1 --- [inforsion-server] [main] o.h.t.d.sql.spi.DdlTypeRegistry          : addDescriptor(2005, org.hibernate.type.descriptor.sql.internal.CapacityDependentDdlType@32646ecf) replaced previous registration(org.hibernate.type.descriptor.sql.internal.DdlTypeImpl@68f9e807)
2025-08-17T06:23:32.896Z DEBUG 1 --- [inforsion-server] [main] o.h.t.d.sql.spi.DdlTypeRegistry          : addDescriptor(2011, org.hibernate.type.descriptor.sql.internal.CapacityDependentDdlType@23708f14) replaced previous registration(org.hibernate.type.descriptor.sql.internal.DdlTypeImpl@3dfc59c5)
2025-08-17T06:23:33.250Z  INFO 1 --- [inforsion-server] [main] o.h.e.t.j.p.i.JtaPlatformInitiator       : HHH000489: No JTA platform available (set 'hibernate.transaction.jta.platform' to enable JTA platform integration)
2025-08-17T06:23:33.561Z  INFO 1 --- [inforsion-server] [main] j.LocalContainerEntityManagerFactoryBean : Initialized JPA EntityManagerFactory for persistence unit 'default'
2025-08-17T06:23:33.922Z  WARN 1 --- [inforsion-server] [main] JpaBaseConfiguration$JpaWebConfiguration : spring.jpa.open-in-view is enabled by default. Therefore, database queries may be performed during view rendering. Explicitly configure spring.jpa.open-in-view to disable this warning
2025-08-17T06:23:34.060Z  WARN 1 --- [inforsion-server] [main] .s.s.UserDetailsServiceAutoConfiguration : 

Using generated security password: edbe4e76-d0e1-42c5-b47b-62613b75b10e

This generated password is for development use only. Your security configuration must be updated before running your application in production.

2025-08-17T06:23:34.067Z  INFO 1 --- [inforsion-server] [main] r$InitializeUserDetailsManagerConfigurer : Global AuthenticationManager configured with UserDetailsService bean with name inMemoryUserDetailsManager
2025-08-17T06:23:34.369Z  INFO 1 --- [inforsion-server] [main] o.s.b.w.embedded.tomcat.TomcatWebServer  : Tomcat started on port 8080 (http) with context path '/'
2025-08-17T06:23:34.386Z  INFO 1 --- [inforsion-server] [main] c.i.i.InforsionServerApplication         : Started InforsionServerApplication in 2.957 seconds (process running for 3.278)
2025-08-17T06:23:36.196Z  INFO 1 --- [inforsion-server] [http-nio-8080-exec-1] o.a.c.c.C.[Tomcat].[localhost].[/]       : Initializing Spring DispatcherServlet 'dispatcherServlet'
2025-08-17T06:23:36.196Z  INFO 1 --- [inforsion-server] [http-nio-8080-exec-1] o.s.web.servlet.DispatcherServlet        : Initializing Servlet 'dispatcherServlet'
2025-08-17T06:23:36.197Z  INFO 1 --- [inforsion-server] [http-nio-8080-exec-1] o.s.web.servlet.DispatcherServlet        : Completed initialization in 1 ms
2025-08-17T06:24:17.826Z  INFO 1 --- [inforsion-server] [http-nio-8080-exec-2] o.springdoc.api.AbstractOpenApiResource  : Init duration for springdoc-openapi is: 244 ms
2025-08-17T06:32:12.384Z  INFO 1 --- [inforsion-server] [SpringApplicationShutdownHook] o.s.b.w.e.tomcat.GracefulShutdown        : Commencing graceful shutdown. Waiting for active requests to complete
2025-08-17T06:32:12.387Z  INFO 1 --- [inforsion-server] [tomcat-shutdown] o.s.b.w.e.tomcat.GracefulShutdown        : Graceful shutdown complete
2025-08-17T06:32:12.392Z  INFO 1 --- [inforsion-server] [SpringApplicationShutdownHook] j.LocalContainerEntityManagerFactoryBean : Closing JPA EntityManagerFactory for persistence unit 'default'
2025-08-17T06:32:12.395Z  INFO 1 --- [inforsion-server] [SpringApplicationShutdownHook] com.zaxxer.hikari.HikariDataSource       : HikariPool-1 - Shutdown initiated...
2025-08-17T06:32:12.398Z  INFO 1 --- [inforsion-server] [SpringApplicationShutdownHook] com.zaxxer.hikari.HikariDataSource       : HikariPool-1 - Shutdown completed.
2025-08-17T06:39:57.417Z  INFO 1 --- [inforsion-server] [main] c.i.i.InforsionServerApplication         : Starting InforsionServerApplication v0.0.1-SNAPSHOT using Java 17.0.2 with PID 1 (/app/app.jar started by root in /app)
2025-08-17T06:39:57.418Z  INFO 1 --- [inforsion-server] [main] c.i.i.InforsionServerApplication         : The following 1 profile is active: "docker"
2025-08-17T06:39:57.794Z  INFO 1 --- [inforsion-server] [main] .s.d.r.c.RepositoryConfigurationDelegate : Bootstrapping Spring Data JPA repositories in DEFAULT mode.
2025-08-17T06:39:57.824Z  INFO 1 --- [inforsion-server] [main] .s.d.r.c.RepositoryConfigurationDelegate : Finished Spring Data repository scanning in 26 ms. Found 6 JPA repository interfaces.
2025-08-17T06:39:58.048Z  INFO 1 --- [inforsion-server] [main] o.s.b.w.embedded.tomcat.TomcatWebServer  : Tomcat initialized with port 8080 (http)
2025-08-17T06:39:58.055Z  INFO 1 --- [inforsion-server] [main] o.apache.catalina.core.StandardService   : Starting service [Tomcat]
2025-08-17T06:39:58.055Z  INFO 1 --- [inforsion-server] [main] o.apache.catalina.core.StandardEngine    : Starting Servlet engine: [Apache Tomcat/10.1.43]
2025-08-17T06:39:58.072Z  INFO 1 --- [inforsion-server] [main] o.a.c.c.C.[Tomcat].[localhost].[/]       : Initializing Spring embedded WebApplicationContext
2025-08-17T06:39:58.072Z  INFO 1 --- [inforsion-server] [main] w.s.c.ServletWebServerApplicationContext : Root WebApplicationContext: initialization completed in 635 ms
2025-08-17T06:39:58.160Z  INFO 1 --- [inforsion-server] [main] o.hibernate.jpa.internal.util.LogHelper  : HHH000204: Processing PersistenceUnitInfo [name: default]
2025-08-17T06:39:58.181Z  INFO 1 --- [inforsion-server] [main] org.hibernate.Version                    : HHH000412: Hibernate ORM core version 6.6.22.Final
2025-08-17T06:39:58.194Z  INFO 1 --- [inforsion-server] [main] o.h.c.internal.RegionFactoryInitiator    : HHH000026: Second-level cache disabled
2025-08-17T06:39:58.296Z  INFO 1 --- [inforsion-server] [main] o.s.o.j.p.SpringPersistenceUnitInfo      : No LoadTimeWeaver setup: ignoring JPA class transformer
2025-08-17T06:39:58.307Z  INFO 1 --- [inforsion-server] [main] com.zaxxer.hikari.HikariDataSource       : HikariPool-1 - Starting...
2025-08-17T06:39:58.388Z  INFO 1 --- [inforsion-server] [main] com.zaxxer.hikari.pool.HikariPool        : HikariPool-1 - Added connection com.mysql.cj.jdbc.ConnectionImpl@4ed19b69
2025-08-17T06:39:58.390Z  INFO 1 --- [inforsion-server] [main] com.zaxxer.hikari.HikariDataSource       : HikariPool-1 - Start completed.
2025-08-17T06:39:58.410Z  WARN 1 --- [inforsion-server] [main] org.hibernate.orm.deprecation            : HHH90000025: MySQLDialect does not need to be specified explicitly using 'hibernate.dialect' (remove the property setting and it will be selected by default)
2025-08-17T06:39:58.417Z  INFO 1 --- [inforsion-server] [main] org.hibernate.orm.connections.pooling    : HHH10001005: Database info:
	Database JDBC URL [Connecting through datasource 'HikariDataSource (HikariPool-1)']
	Database driver: undefined/unknown
	Database version: 8.0.43
	Autocommit mode: undefined/unknown
	Isolation level: undefined/unknown
	Minimum pool size: undefined/unknown
	Maximum pool size: undefined/unknown
2025-08-17T06:39:58.420Z DEBUG 1 --- [inforsion-server] [main] o.h.t.d.sql.spi.DdlTypeRegistry          : addDescriptor(12, org.hibernate.type.descriptor.sql.internal.CapacityDependentDdlType@3355b8ff) replaced previous registration(org.hibernate.type.descriptor.sql.internal.CapacityDependentDdlType@32646ecf)
2025-08-17T06:39:58.421Z DEBUG 1 --- [inforsion-server] [main] o.h.t.d.sql.spi.DdlTypeRegistry          : addDescriptor(-9, org.hibernate.type.descriptor.sql.internal.CapacityDependentDdlType@68f9e807) replaced previous registration(org.hibernate.type.descriptor.sql.internal.CapacityDependentDdlType@23708f14)
2025-08-17T06:39:58.421Z DEBUG 1 --- [inforsion-server] [main] o.h.t.d.sql.spi.DdlTypeRegistry          : addDescriptor(-3, org.hibernate.type.descriptor.sql.internal.CapacityDependentDdlType@3dfc59c5) replaced previous registration(org.hibernate.type.descriptor.sql.internal.CapacityDependentDdlType@2cff5aa3)
2025-08-17T06:39:58.421Z DEBUG 1 --- [inforsion-server] [main] o.h.t.d.sql.spi.DdlTypeRegistry          : addDescriptor(4003, org.hibernate.type.descriptor.sql.internal.DdlTypeImpl@b6136eb) replaced previous registration(org.hibernate.type.descriptor.sql.internal.DdlTypeImpl@2cce10bc)
2025-08-17T06:39:58.422Z DEBUG 1 --- [inforsion-server] [main] o.h.t.d.sql.spi.DdlTypeRegistry          : addDescriptor(4001, org.hibernate.type.descriptor.sql.internal.DdlTypeImpl@73234691) replaced previous registration(org.hibernate.type.descriptor.sql.internal.DdlTypeImpl@25df2014)
2025-08-17T06:39:58.422Z DEBUG 1 --- [inforsion-server] [main] o.h.t.d.sql.spi.DdlTypeRegistry          : addDescriptor(4002, org.hibernate.type.descriptor.sql.internal.DdlTypeImpl@270b8c2a) replaced previous registration(org.hibernate.type.descriptor.sql.internal.DdlTypeImpl@7b9c2387)
2025-08-17T06:39:58.423Z DEBUG 1 --- [inforsion-server] [main] o.h.t.d.sql.spi.DdlTypeRegistry          : addDescriptor(2004, org.hibernate.type.descriptor.sql.internal.CapacityDependentDdlType@12e2f5ab) replaced previous registration(org.hibernate.type.descriptor.sql.internal.DdlTypeImpl@4e61a863)
2025-08-17T06:39:58.423Z DEBUG 1 --- [inforsion-server] [main] o.h.t.d.sql.spi.DdlTypeRegistry          : addDescriptor(2005, org.hibernate.type.descriptor.sql.internal.CapacityDependentDdlType@35f01759) replaced previous registration(org.hibernate.type.descriptor.sql.internal.DdlTypeImpl@2fea9a7b)
2025-08-17T06:39:58.424Z DEBUG 1 --- [inforsion-server] [main] o.h.t.d.sql.spi.DdlTypeRegistry          : addDescriptor(2011, org.hibernate.type.descriptor.sql.internal.CapacityDependentDdlType@2aa07d80) replaced previous registration(org.hibernate.type.descriptor.sql.internal.DdlTypeImpl@69c1ea07)
2025-08-17T06:39:58.768Z  INFO 1 --- [inforsion-server] [main] o.h.e.t.j.p.i.JtaPlatformInitiator       : HHH000489: No JTA platform available (set 'hibernate.transaction.jta.platform' to enable JTA platform integration)
2025-08-17T06:39:58.811Z  INFO 1 --- [inforsion-server] [main] j.LocalContainerEntityManagerFactoryBean : Initialized JPA EntityManagerFactory for persistence unit 'default'
2025-08-17T06:39:59.047Z  WARN 1 --- [inforsion-server] [main] JpaBaseConfiguration$JpaWebConfiguration : spring.jpa.open-in-view is enabled by default. Therefore, database queries may be performed during view rendering. Explicitly configure spring.jpa.open-in-view to disable this warning
2025-08-17T06:39:59.139Z  WARN 1 --- [inforsion-server] [main] .s.s.UserDetailsServiceAutoConfiguration : 

Using generated security password: c7b1eef2-240d-4315-bfd5-c88491e3ab42

This generated password is for development use only. Your security configuration must be updated before running your application in production.

2025-08-17T06:39:59.144Z  INFO 1 --- [inforsion-server] [main] r$InitializeUserDetailsManagerConfigurer : Global AuthenticationManager configured with UserDetailsService bean with name inMemoryUserDetailsManager
2025-08-17T06:39:59.319Z  INFO 1 --- [inforsion-server] [main] o.s.b.w.embedded.tomcat.TomcatWebServer  : Tomcat started on port 8080 (http) with context path '/'
2025-08-17T06:39:59.327Z  INFO 1 --- [inforsion-server] [main] c.i.i.InforsionServerApplication         : Started InforsionServerApplication in 2.129 seconds (process running for 2.322)
2025-08-17T06:40:02.105Z  INFO 1 --- [inforsion-server] [http-nio-8080-exec-1] o.a.c.c.C.[Tomcat].[localhost].[/]       : Initializing Spring DispatcherServlet 'dispatcherServlet'
2025-08-17T06:40:02.106Z  INFO 1 --- [inforsion-server] [http-nio-8080-exec-1] o.s.web.servlet.DispatcherServlet        : Initializing Servlet 'dispatcherServlet'
2025-08-17T06:40:02.107Z  INFO 1 --- [inforsion-server] [http-nio-8080-exec-1] o.s.web.servlet.DispatcherServlet        : Completed initialization in 1 ms
2025-08-17T06:52:39.692Z  INFO 1 --- [inforsion-server] [SpringApplicationShutdownHook] o.s.b.w.e.tomcat.GracefulShutdown        : Commencing graceful shutdown. Waiting for active requests to complete
2025-08-17T06:52:39.696Z  INFO 1 --- [inforsion-server] [tomcat-shutdown] o.s.b.w.e.tomcat.GracefulShutdown        : Graceful shutdown complete
2025-08-17T06:52:39.701Z  INFO 1 --- [inforsion-server] [SpringApplicationShutdownHook] j.LocalContainerEntityManagerFactoryBean : Closing JPA EntityManagerFactory for persistence unit 'default'
2025-08-17T06:52:39.703Z  INFO 1 --- [inforsion-server] [SpringApplicationShutdownHook] com.zaxxer.hikari.HikariDataSource       : HikariPool-1 - Shutdown initiated...
2025-08-17T06:52:39.707Z  INFO 1 --- [inforsion-server] [SpringApplicationShutdownHook] com.zaxxer.hikari.HikariDataSource       : HikariPool-1 - Shutdown completed.
